<?xml version="1.0" encoding="UTF-8"?><testrun name="TestRun" project="phptravels" tests="10" started="10" failures="0" errors="2" ignored="5">
  <testsuite name="testrunner.TestRun" time="17.867">
    <testsuite name="Feature: Search for hotels on phptravels portal as a guest user" time="7.093">
      <testsuite name="Scenario: Guest user searches for hotels" time="7.093">
        <testcase name="Given Open the application as guest user" classname="Scenario: Guest user searches for hotels" time="1.878"/>
        <testcase name="When I populate all mandatory fields" classname="Scenario: Guest user searches for hotels" time="3.052"/>
        <testcase name="And click on Search button" classname="Scenario: Guest user searches for hotels" time="2.161"/>
        <testcase name="Then All hotel results should get returned for guest user" classname="Scenario: Guest user searches for hotels" time="0.002"/>
      </testsuite>
    </testsuite>
    <testsuite name="Feature: Search for hotels on phptravels portal as a registered user" time="2.196">
      <testsuite name="Scenario: Registered user searches for hotels" time="0.971" incomplete="true">
        <error>org.openqa.selenium.WebDriverException: disconnected: Unable to receive message from renderer
  (Session info: chrome=79.0.3945.88)
Build info: version: '3.141.59', revision: 'e82be7d358', time: '2018-11-14T08:17:03'
System info: host: 'LAPTOP-D1P3OC8V', ip: '192.168.0.101', os.name: 'Windows 10', os.arch: 'amd64', os.version: '10.0', java.version: '1.8.0_191'
Driver info: org.openqa.selenium.chrome.ChromeDriver
Capabilities {acceptInsecureCerts: false, browserName: chrome, browserVersion: 79.0.3945.88, chrome: {chromedriverVersion: 79.0.3945.36 (3582db32b3389..., userDataDir: C:\Users\NABIL\AppData\Loca...}, goog:chromeOptions: {debuggerAddress: localhost:54202}, javascriptEnabled: true, networkConnectionEnabled: false, pageLoadStrategy: normal, platform: WINDOWS, platformName: WINDOWS, proxy: Proxy(), setWindowRect: true, strictFileInteractability: false, timeouts: {implicit: 0, pageLoad: 300000, script: 30000}, unhandledPromptBehavior: dismiss and notify}
Session ID: a13b5faa8ce33739adff53d113b88ede&#13;
	at sun.reflect.NativeConstructorAccessorImpl.newInstance0(Native Method)&#13;
	at sun.reflect.NativeConstructorAccessorImpl.newInstance(NativeConstructorAccessorImpl.java:62)&#13;
	at sun.reflect.DelegatingConstructorAccessorImpl.newInstance(DelegatingConstructorAccessorImpl.java:45)&#13;
	at java.lang.reflect.Constructor.newInstance(Constructor.java:423)&#13;
	at org.openqa.selenium.remote.http.W3CHttpResponseCodec.createException(W3CHttpResponseCodec.java:187)&#13;
	at org.openqa.selenium.remote.http.W3CHttpResponseCodec.decode(W3CHttpResponseCodec.java:122)&#13;
	at org.openqa.selenium.remote.http.W3CHttpResponseCodec.decode(W3CHttpResponseCodec.java:49)&#13;
	at org.openqa.selenium.remote.HttpCommandExecutor.execute(HttpCommandExecutor.java:158)&#13;
	at org.openqa.selenium.remote.service.DriverCommandExecutor.execute(DriverCommandExecutor.java:83)&#13;
	at org.openqa.selenium.remote.RemoteWebDriver.execute(RemoteWebDriver.java:552)&#13;
	at org.openqa.selenium.remote.RemoteWebDriver.get(RemoteWebDriver.java:277)&#13;
	at org.test.phptravels.base.Browser.launchApplication(Browser.java:97)&#13;
	at stepdefinitions.TC02.open_the_application_as_registered_user(TC02.java:42)&#13;
	at ✽.Given Open the application as registered user(TC02_RegisteredUser_HotelSearch.feature:6)&#13;
&#13;
</error>
        <testcase name="Given Open the application as registered user" classname="Scenario: Registered user searches for hotels" time="0.97">
          <error>org.openqa.selenium.WebDriverException: disconnected: Unable to receive message from renderer
  (Session info: chrome=79.0.3945.88)
Build info: version: '3.141.59', revision: 'e82be7d358', time: '2018-11-14T08:17:03'
System info: host: 'LAPTOP-D1P3OC8V', ip: '192.168.0.101', os.name: 'Windows 10', os.arch: 'amd64', os.version: '10.0', java.version: '1.8.0_191'
Driver info: org.openqa.selenium.chrome.ChromeDriver
Capabilities {acceptInsecureCerts: false, browserName: chrome, browserVersion: 79.0.3945.88, chrome: {chromedriverVersion: 79.0.3945.36 (3582db32b3389..., userDataDir: C:\Users\NABIL\AppData\Loca...}, goog:chromeOptions: {debuggerAddress: localhost:54202}, javascriptEnabled: true, networkConnectionEnabled: false, pageLoadStrategy: normal, platform: WINDOWS, platformName: WINDOWS, proxy: Proxy(), setWindowRect: true, strictFileInteractability: false, timeouts: {implicit: 0, pageLoad: 300000, script: 30000}, unhandledPromptBehavior: dismiss and notify}
Session ID: a13b5faa8ce33739adff53d113b88ede&#13;
	at sun.reflect.NativeConstructorAccessorImpl.newInstance0(Native Method)&#13;
	at sun.reflect.NativeConstructorAccessorImpl.newInstance(NativeConstructorAccessorImpl.java:62)&#13;
	at sun.reflect.DelegatingConstructorAccessorImpl.newInstance(DelegatingConstructorAccessorImpl.java:45)&#13;
	at java.lang.reflect.Constructor.newInstance(Constructor.java:423)&#13;
	at org.openqa.selenium.remote.http.W3CHttpResponseCodec.createException(W3CHttpResponseCodec.java:187)&#13;
	at org.openqa.selenium.remote.http.W3CHttpResponseCodec.decode(W3CHttpResponseCodec.java:122)&#13;
	at org.openqa.selenium.remote.http.W3CHttpResponseCodec.decode(W3CHttpResponseCodec.java:49)&#13;
	at org.openqa.selenium.remote.HttpCommandExecutor.execute(HttpCommandExecutor.java:158)&#13;
	at org.openqa.selenium.remote.service.DriverCommandExecutor.execute(DriverCommandExecutor.java:83)&#13;
	at org.openqa.selenium.remote.RemoteWebDriver.execute(RemoteWebDriver.java:552)&#13;
	at org.openqa.selenium.remote.RemoteWebDriver.get(RemoteWebDriver.java:277)&#13;
	at org.test.phptravels.base.Browser.launchApplication(Browser.java:97)&#13;
	at stepdefinitions.TC02.open_the_application_as_registered_user(TC02.java:42)&#13;
	at ✽.Given Open the application as registered user(TC02_RegisteredUser_HotelSearch.feature:6)&#13;
&#13;
</error>
        </testcase>
        <testcase name="When I go to Login screen" classname="Scenario: Registered user searches for hotels" time="0.005" ignored="true"/>
        <testcase name="And enter valid credentials and click on Login button" classname="Scenario: Registered user searches for hotels" time="0.001" ignored="true"/>
        <testcase name="Then Account screen should appear" classname="Scenario: Registered user searches for hotels" time="0.001" ignored="true"/>
        <testcase name="When I go to home screen and search for hotel" classname="Scenario: Registered user searches for hotels" time="0.001" ignored="true"/>
        <testcase name="Then All hotel results should get returned for registered user" classname="Scenario: Registered user searches for hotels" time="1.187" ignored="true"/>
      </testsuite>
    </testsuite>
  </testsuite>
</testrun>
