<?xml version="1.0" encoding="UTF-8"?><testrun name="TestRun" project="phptravels" tests="10" started="10" failures="0" errors="3" ignored="4">
  <testsuite name="testrunner.TestRun" time="37.177" incomplete="true">
    <error>java.lang.NullPointerException&#13;
	at testrunner.TestRun.writeExtentReport(TestRun.java:46)&#13;
	at sun.reflect.NativeMethodAccessorImpl.invoke0(Native Method)&#13;
	at sun.reflect.NativeMethodAccessorImpl.invoke(NativeMethodAccessorImpl.java:62)&#13;
	at sun.reflect.DelegatingMethodAccessorImpl.invoke(DelegatingMethodAccessorImpl.java:43)&#13;
	at java.lang.reflect.Method.invoke(Method.java:498)&#13;
	at org.junit.runners.model.FrameworkMethod$1.runReflectiveCall(FrameworkMethod.java:50)&#13;
	at org.junit.internal.runners.model.ReflectiveCallable.run(ReflectiveCallable.java:12)&#13;
	at org.junit.runners.model.FrameworkMethod.invokeExplosively(FrameworkMethod.java:47)&#13;
	at org.junit.internal.runners.statements.RunAfters.evaluate(RunAfters.java:33)&#13;
	at org.junit.runners.ParentRunner.run(ParentRunner.java:363)&#13;
	at cucumber.api.junit.Cucumber.run(Cucumber.java:98)&#13;
	at org.eclipse.jdt.internal.junit4.runner.JUnit4TestReference.run(JUnit4TestReference.java:86)&#13;
	at org.eclipse.jdt.internal.junit.runner.TestExecution.run(TestExecution.java:38)&#13;
	at org.eclipse.jdt.internal.junit.runner.RemoteTestRunner.runTests(RemoteTestRunner.java:538)&#13;
	at org.eclipse.jdt.internal.junit.runner.RemoteTestRunner.runTests(RemoteTestRunner.java:760)&#13;
	at org.eclipse.jdt.internal.junit.runner.RemoteTestRunner.run(RemoteTestRunner.java:460)&#13;
	at org.eclipse.jdt.internal.junit.runner.RemoteTestRunner.main(RemoteTestRunner.java:206)&#13;
&#13;
</error>
    <testsuite name="Feature: Search for hotels on phptravels portal as a guest user" time="4.496">
      <testsuite name="Scenario: Guest user searches for hotels" time="4.496">
        <testcase name="Given Open the application as guest user" classname="Scenario: Guest user searches for hotels" time="2.057"/>
        <testcase name="When I populate all mandatory fields" classname="Scenario: Guest user searches for hotels" time="2.32"/>
        <testcase name="And click on Search button" classname="Scenario: Guest user searches for hotels" time="0.118"/>
        <testcase name="Then All hotel results should get returned for guest user" classname="Scenario: Guest user searches for hotels" time="0.003"/>
      </testsuite>
    </testsuite>
    <testsuite name="Feature: Search for hotels on phptravels portal as a registered user" time="26.237">
      <testsuite name="Scenario: Registered user searches for hotels" time="25.87" incomplete="true">
        <error>org.openqa.selenium.TimeoutException: Expected condition failed: waiting for visibility of element located by By.xpath: //a[text()='Login'] (tried for 10 second(s) with 500 milliseconds interval)&#13;
	at org.openqa.selenium.support.ui.WebDriverWait.timeoutException(WebDriverWait.java:95)&#13;
	at org.openqa.selenium.support.ui.FluentWait.until(FluentWait.java:272)&#13;
	at org.test.phptravels.helper.CommonMethods.findElementByXpath(CommonMethods.java:23)&#13;
	at org.test.phptravels.page.Home.elementLogin(Home.java:64)&#13;
	at org.test.phptravels.page.Home.clickLogin(Home.java:104)&#13;
	at stepdefinitions.TC02.i_go_to_Login_screen(TC02.java:51)&#13;
	at âœ½.When I go to Login screen(TC02_RegisteredUser_HotelSearch.feature:7)&#13;
Caused by: org.openqa.selenium.NoSuchElementException: no such element: Unable to locate element: {"method":"xpath","selector":"//a[text()='Login']"}
  (Session info: chrome=79.0.3945.88)
For documentation on this error, please visit: https://www.seleniumhq.org/exceptions/no_such_element.html
Build info: version: '3.141.59', revision: 'e82be7d358', time: '2018-11-14T08:17:03'
System info: host: 'LAPTOP-D1P3OC8V', ip: '192.168.0.101', os.name: 'Windows 10', os.arch: 'amd64', os.version: '10.0', java.version: '1.8.0_191'
Driver info: org.openqa.selenium.chrome.ChromeDriver
Capabilities {acceptInsecureCerts: false, browserName: chrome, browserVersion: 79.0.3945.88, chrome: {chromedriverVersion: 79.0.3945.36 (3582db32b3389..., userDataDir: C:\Users\NABIL\AppData\Loca...}, goog:chromeOptions: {debuggerAddress: localhost:58896}, javascriptEnabled: true, networkConnectionEnabled: false, pageLoadStrategy: normal, platform: WINDOWS, platformName: WINDOWS, proxy: Proxy(), setWindowRect: true, strictFileInteractability: false, timeouts: {implicit: 0, pageLoad: 300000, script: 30000}, unhandledPromptBehavior: dismiss and notify}
Session ID: eb02e25c077ef19fa5a7fab9595fd870
*** Element info: {Using=xpath, value=//a[text()='Login']}&#13;
	at sun.reflect.NativeConstructorAccessorImpl.newInstance0(Native Method)&#13;
	at sun.reflect.NativeConstructorAccessorImpl.newInstance(NativeConstructorAccessorImpl.java:62)&#13;
	at sun.reflect.DelegatingConstructorAccessorImpl.newInstance(DelegatingConstructorAccessorImpl.java:45)&#13;
	at java.lang.reflect.Constructor.newInstance(Constructor.java:423)&#13;
	at org.openqa.selenium.remote.http.W3CHttpResponseCodec.createException(W3CHttpResponseCodec.java:187)&#13;
	at org.openqa.selenium.remote.http.W3CHttpResponseCodec.decode(W3CHttpResponseCodec.java:122)&#13;
	at org.openqa.selenium.remote.http.W3CHttpResponseCodec.decode(W3CHttpResponseCodec.java:49)&#13;
	at org.openqa.selenium.remote.HttpCommandExecutor.execute(HttpCommandExecutor.java:158)&#13;
	at org.openqa.selenium.remote.service.DriverCommandExecutor.execute(DriverCommandExecutor.java:83)&#13;
	at org.openqa.selenium.remote.RemoteWebDriver.execute(RemoteWebDriver.java:552)&#13;
	at org.openqa.selenium.remote.RemoteWebDriver.findElement(RemoteWebDriver.java:323)&#13;
	at org.openqa.selenium.remote.RemoteWebDriver.findElementByXPath(RemoteWebDriver.java:428)&#13;
	at org.openqa.selenium.By$ByXPath.findElement(By.java:353)&#13;
	at org.openqa.selenium.remote.RemoteWebDriver.findElement(RemoteWebDriver.java:315)&#13;
	at org.openqa.selenium.support.ui.ExpectedConditions$7.apply(ExpectedConditions.java:205)&#13;
	at org.openqa.selenium.support.ui.ExpectedConditions$7.apply(ExpectedConditions.java:201)&#13;
	at org.openqa.selenium.support.ui.FluentWait.until(FluentWait.java:249)&#13;
	at org.test.phptravels.helper.CommonMethods.findElementByXpath(CommonMethods.java:23)&#13;
	at org.test.phptravels.page.Home.elementLogin(Home.java:64)&#13;
	at org.test.phptravels.page.Home.clickLogin(Home.java:104)&#13;
	at stepdefinitions.TC02.i_go_to_Login_screen(TC02.java:51)&#13;
	at sun.reflect.NativeMethodAccessorImpl.invoke0(Native Method)&#13;
	at sun.reflect.NativeMethodAccessorImpl.invoke(NativeMethodAccessorImpl.java:62)&#13;
	at sun.reflect.DelegatingMethodAccessorImpl.invoke(DelegatingMethodAccessorImpl.java:43)&#13;
	at java.lang.reflect.Method.invoke(Method.java:498)&#13;
	at cucumber.runtime.Utils$1.call(Utils.java:37)&#13;
	at cucumber.runtime.Timeout.timeout(Timeout.java:13)&#13;
	at cucumber.runtime.Utils.invoke(Utils.java:31)&#13;
	at cucumber.runtime.java.JavaStepDefinition.execute(JavaStepDefinition.java:37)&#13;
	at cucumber.runtime.StepDefinitionMatch.runStep(StepDefinitionMatch.java:37)&#13;
	at cucumber.runtime.Runtime.runStep(Runtime.java:298)&#13;
	at cucumber.runtime.model.StepContainer.runStep(StepContainer.java:44)&#13;
	at cucumber.runtime.model.StepContainer.runSteps(StepContainer.java:39)&#13;
	at cucumber.runtime.model.CucumberScenario.run(CucumberScenario.java:48)&#13;
	at cucumber.runtime.junit.ExecutionUnitRunner.run(ExecutionUnitRunner.java:91)&#13;
	at cucumber.runtime.junit.FeatureRunner.runChild(FeatureRunner.java:63)&#13;
	at cucumber.runtime.junit.FeatureRunner.runChild(FeatureRunner.java:18)&#13;
	at org.junit.runners.ParentRunner$3.run(ParentRunner.java:290)&#13;
	at org.junit.runners.ParentRunner$1.schedule(ParentRunner.java:71)&#13;
	at org.junit.runners.ParentRunner.runChildren(ParentRunner.java:288)&#13;
	at org.junit.runners.ParentRunner.access$000(ParentRunner.java:58)&#13;
	at org.junit.runners.ParentRunner$2.evaluate(ParentRunner.java:268)&#13;
	at org.junit.runners.ParentRunner.run(ParentRunner.java:363)&#13;
	at cucumber.runtime.junit.FeatureRunner.run(FeatureRunner.java:70)&#13;
	at cucumber.api.junit.Cucumber.runChild(Cucumber.java:93)&#13;
	at cucumber.api.junit.Cucumber.runChild(Cucumber.java:37)&#13;
	at org.junit.runners.ParentRunner$3.run(ParentRunner.java:290)&#13;
	at org.junit.runners.ParentRunner$1.schedule(ParentRunner.java:71)&#13;
	at org.junit.runners.ParentRunner.runChildren(ParentRunner.java:288)&#13;
	at org.junit.runners.ParentRunner.access$000(ParentRunner.java:58)&#13;
	at org.junit.runners.ParentRunner$2.evaluate(ParentRunner.java:268)&#13;
	at org.junit.internal.runners.statements.RunAfters.evaluate(RunAfters.java:27)&#13;
	at org.junit.runners.ParentRunner.run(ParentRunner.java:363)&#13;
	at cucumber.api.junit.Cucumber.run(Cucumber.java:98)&#13;
	at org.eclipse.jdt.internal.junit4.runner.JUnit4TestReference.run(JUnit4TestReference.java:86)&#13;
	at org.eclipse.jdt.internal.junit.runner.TestExecution.run(TestExecution.java:38)&#13;
	at org.eclipse.jdt.internal.junit.runner.RemoteTestRunner.runTests(RemoteTestRunner.java:538)&#13;
	at org.eclipse.jdt.internal.junit.runner.RemoteTestRunner.runTests(RemoteTestRunner.java:760)&#13;
	at org.eclipse.jdt.internal.junit.runner.RemoteTestRunner.run(RemoteTestRunner.java:460)&#13;
	at org.eclipse.jdt.internal.junit.runner.RemoteTestRunner.main(RemoteTestRunner.java:206)&#13;
&#13;
</error>
        <testcase name="Given Open the application as registered user" classname="Scenario: Registered user searches for hotels" time="25.861"/>
        <testcase name="When I go to Login screen" classname="Scenario: Registered user searches for hotels" time="0.008">
          <error>org.openqa.selenium.TimeoutException: Expected condition failed: waiting for visibility of element located by By.xpath: //a[text()='Login'] (tried for 10 second(s) with 500 milliseconds interval)&#13;
	at org.openqa.selenium.support.ui.WebDriverWait.timeoutException(WebDriverWait.java:95)&#13;
	at org.openqa.selenium.support.ui.FluentWait.until(FluentWait.java:272)&#13;
	at org.test.phptravels.helper.CommonMethods.findElementByXpath(CommonMethods.java:23)&#13;
	at org.test.phptravels.page.Home.elementLogin(Home.java:64)&#13;
	at org.test.phptravels.page.Home.clickLogin(Home.java:104)&#13;
	at stepdefinitions.TC02.i_go_to_Login_screen(TC02.java:51)&#13;
	at âœ½.When I go to Login screen(TC02_RegisteredUser_HotelSearch.feature:7)&#13;
Caused by: org.openqa.selenium.NoSuchElementException: no such element: Unable to locate element: {"method":"xpath","selector":"//a[text()='Login']"}
  (Session info: chrome=79.0.3945.88)
For documentation on this error, please visit: https://www.seleniumhq.org/exceptions/no_such_element.html
Build info: version: '3.141.59', revision: 'e82be7d358', time: '2018-11-14T08:17:03'
System info: host: 'LAPTOP-D1P3OC8V', ip: '192.168.0.101', os.name: 'Windows 10', os.arch: 'amd64', os.version: '10.0', java.version: '1.8.0_191'
Driver info: org.openqa.selenium.chrome.ChromeDriver
Capabilities {acceptInsecureCerts: false, browserName: chrome, browserVersion: 79.0.3945.88, chrome: {chromedriverVersion: 79.0.3945.36 (3582db32b3389..., userDataDir: C:\Users\NABIL\AppData\Loca...}, goog:chromeOptions: {debuggerAddress: localhost:58896}, javascriptEnabled: true, networkConnectionEnabled: false, pageLoadStrategy: normal, platform: WINDOWS, platformName: WINDOWS, proxy: Proxy(), setWindowRect: true, strictFileInteractability: false, timeouts: {implicit: 0, pageLoad: 300000, script: 30000}, unhandledPromptBehavior: dismiss and notify}
Session ID: eb02e25c077ef19fa5a7fab9595fd870
*** Element info: {Using=xpath, value=//a[text()='Login']}&#13;
	at sun.reflect.NativeConstructorAccessorImpl.newInstance0(Native Method)&#13;
	at sun.reflect.NativeConstructorAccessorImpl.newInstance(NativeConstructorAccessorImpl.java:62)&#13;
	at sun.reflect.DelegatingConstructorAccessorImpl.newInstance(DelegatingConstructorAccessorImpl.java:45)&#13;
	at java.lang.reflect.Constructor.newInstance(Constructor.java:423)&#13;
	at org.openqa.selenium.remote.http.W3CHttpResponseCodec.createException(W3CHttpResponseCodec.java:187)&#13;
	at org.openqa.selenium.remote.http.W3CHttpResponseCodec.decode(W3CHttpResponseCodec.java:122)&#13;
	at org.openqa.selenium.remote.http.W3CHttpResponseCodec.decode(W3CHttpResponseCodec.java:49)&#13;
	at org.openqa.selenium.remote.HttpCommandExecutor.execute(HttpCommandExecutor.java:158)&#13;
	at org.openqa.selenium.remote.service.DriverCommandExecutor.execute(DriverCommandExecutor.java:83)&#13;
	at org.openqa.selenium.remote.RemoteWebDriver.execute(RemoteWebDriver.java:552)&#13;
	at org.openqa.selenium.remote.RemoteWebDriver.findElement(RemoteWebDriver.java:323)&#13;
	at org.openqa.selenium.remote.RemoteWebDriver.findElementByXPath(RemoteWebDriver.java:428)&#13;
	at org.openqa.selenium.By$ByXPath.findElement(By.java:353)&#13;
	at org.openqa.selenium.remote.RemoteWebDriver.findElement(RemoteWebDriver.java:315)&#13;
	at org.openqa.selenium.support.ui.ExpectedConditions$7.apply(ExpectedConditions.java:205)&#13;
	at org.openqa.selenium.support.ui.ExpectedConditions$7.apply(ExpectedConditions.java:201)&#13;
	at org.openqa.selenium.support.ui.FluentWait.until(FluentWait.java:249)&#13;
	at org.test.phptravels.helper.CommonMethods.findElementByXpath(CommonMethods.java:23)&#13;
	at org.test.phptravels.page.Home.elementLogin(Home.java:64)&#13;
	at org.test.phptravels.page.Home.clickLogin(Home.java:104)&#13;
	at stepdefinitions.TC02.i_go_to_Login_screen(TC02.java:51)&#13;
	at sun.reflect.NativeMethodAccessorImpl.invoke0(Native Method)&#13;
	at sun.reflect.NativeMethodAccessorImpl.invoke(NativeMethodAccessorImpl.java:62)&#13;
	at sun.reflect.DelegatingMethodAccessorImpl.invoke(DelegatingMethodAccessorImpl.java:43)&#13;
	at java.lang.reflect.Method.invoke(Method.java:498)&#13;
	at cucumber.runtime.Utils$1.call(Utils.java:37)&#13;
	at cucumber.runtime.Timeout.timeout(Timeout.java:13)&#13;
	at cucumber.runtime.Utils.invoke(Utils.java:31)&#13;
	at cucumber.runtime.java.JavaStepDefinition.execute(JavaStepDefinition.java:37)&#13;
	at cucumber.runtime.StepDefinitionMatch.runStep(StepDefinitionMatch.java:37)&#13;
	at cucumber.runtime.Runtime.runStep(Runtime.java:298)&#13;
	at cucumber.runtime.model.StepContainer.runStep(StepContainer.java:44)&#13;
	at cucumber.runtime.model.StepContainer.runSteps(StepContainer.java:39)&#13;
	at cucumber.runtime.model.CucumberScenario.run(CucumberScenario.java:48)&#13;
	at cucumber.runtime.junit.ExecutionUnitRunner.run(ExecutionUnitRunner.java:91)&#13;
	at cucumber.runtime.junit.FeatureRunner.runChild(FeatureRunner.java:63)&#13;
	at cucumber.runtime.junit.FeatureRunner.runChild(FeatureRunner.java:18)&#13;
	at org.junit.runners.ParentRunner$3.run(ParentRunner.java:290)&#13;
	at org.junit.runners.ParentRunner$1.schedule(ParentRunner.java:71)&#13;
	at org.junit.runners.ParentRunner.runChildren(ParentRunner.java:288)&#13;
	at org.junit.runners.ParentRunner.access$000(ParentRunner.java:58)&#13;
	at org.junit.runners.ParentRunner$2.evaluate(ParentRunner.java:268)&#13;
	at org.junit.runners.ParentRunner.run(ParentRunner.java:363)&#13;
	at cucumber.runtime.junit.FeatureRunner.run(FeatureRunner.java:70)&#13;
	at cucumber.api.junit.Cucumber.runChild(Cucumber.java:93)&#13;
	at cucumber.api.junit.Cucumber.runChild(Cucumber.java:37)&#13;
	at org.junit.runners.ParentRunner$3.run(ParentRunner.java:290)&#13;
	at org.junit.runners.ParentRunner$1.schedule(ParentRunner.java:71)&#13;
	at org.junit.runners.ParentRunner.runChildren(ParentRunner.java:288)&#13;
	at org.junit.runners.ParentRunner.access$000(ParentRunner.java:58)&#13;
	at org.junit.runners.ParentRunner$2.evaluate(ParentRunner.java:268)&#13;
	at org.junit.internal.runners.statements.RunAfters.evaluate(RunAfters.java:27)&#13;
	at org.junit.runners.ParentRunner.run(ParentRunner.java:363)&#13;
	at cucumber.api.junit.Cucumber.run(Cucumber.java:98)&#13;
	at org.eclipse.jdt.internal.junit4.runner.JUnit4TestReference.run(JUnit4TestReference.java:86)&#13;
	at org.eclipse.jdt.internal.junit.runner.TestExecution.run(TestExecution.java:38)&#13;
	at org.eclipse.jdt.internal.junit.runner.RemoteTestRunner.runTests(RemoteTestRunner.java:538)&#13;
	at org.eclipse.jdt.internal.junit.runner.RemoteTestRunner.runTests(RemoteTestRunner.java:760)&#13;
	at org.eclipse.jdt.internal.junit.runner.RemoteTestRunner.run(RemoteTestRunner.java:460)&#13;
	at org.eclipse.jdt.internal.junit.runner.RemoteTestRunner.main(RemoteTestRunner.java:206)&#13;
&#13;
</error>
        </testcase>
        <testcase name="And enter valid credentials and click on Login button" classname="Scenario: Registered user searches for hotels" time="0.002" ignored="true"/>
        <testcase name="Then Account screen should appear" classname="Scenario: Registered user searches for hotels" time="0.001" ignored="true"/>
        <testcase name="When I go to home screen and search for hotel" classname="Scenario: Registered user searches for hotels" time="0.0" ignored="true"/>
        <testcase name="Then All hotel results should get returned for registered user" classname="Scenario: Registered user searches for hotels" time="0.005" ignored="true"/>
      </testsuite>
    </testsuite>
  </testsuite>
</testrun>
