<?xml version="1.0" encoding="UTF-8"?><testrun name="TestRun" project="phptravels" tests="10" started="10" failures="0" errors="2" ignored="2">
  <testsuite name="testrunner.TestRun" time="34.735">
    <testsuite name="Feature: Search for hotels on phptravels portal as a guest user" time="4.817">
      <testsuite name="Scenario: Guest user searches for hotels" time="4.817">
        <testcase name="Given Open the application as guest user" classname="Scenario: Guest user searches for hotels" time="2.137"/>
        <testcase name="When I populate all mandatory fields" classname="Scenario: Guest user searches for hotels" time="2.545"/>
        <testcase name="And click on Search button" classname="Scenario: Guest user searches for hotels" time="0.133"/>
        <testcase name="Then All hotel results should get returned for guest user" classname="Scenario: Guest user searches for hotels" time="0.002"/>
      </testsuite>
    </testsuite>
    <testsuite name="Feature: Search for hotels on phptravels portal as a registered user" time="23.132">
      <testsuite name="Scenario: Registered user searches for hotels" time="22.839" incomplete="true">
        <error>org.openqa.selenium.TimeoutException: Expected condition failed: waiting for title to be "My Account". Current title: "Register" (tried for 20 second(s) with 500 milliseconds interval)
Build info: version: '3.141.59', revision: 'e82be7d358', time: '2018-11-14T08:17:03'
System info: host: 'LAPTOP-D1P3OC8V', ip: '192.168.0.101', os.name: 'Windows 10', os.arch: 'amd64', os.version: '10.0', java.version: '1.8.0_191'
Driver info: org.openqa.selenium.chrome.ChromeDriver
Capabilities {acceptInsecureCerts: false, browserName: chrome, browserVersion: 79.0.3945.88, chrome: {chromedriverVersion: 79.0.3945.36 (3582db32b3389..., userDataDir: C:\Users\NABIL\AppData\Loca...}, goog:chromeOptions: {debuggerAddress: localhost:57043}, javascriptEnabled: true, networkConnectionEnabled: false, pageLoadStrategy: normal, platform: WINDOWS, platformName: WINDOWS, proxy: Proxy(), setWindowRect: true, strictFileInteractability: false, timeouts: {implicit: 0, pageLoad: 300000, script: 30000}, unhandledPromptBehavior: dismiss and notify}
Session ID: 9a47ddba0d126286c4e781fc33121f19&#13;
	at org.openqa.selenium.support.ui.WebDriverWait.timeoutException(WebDriverWait.java:95)&#13;
	at org.openqa.selenium.support.ui.FluentWait.until(FluentWait.java:272)&#13;
	at stepdefinitions.TC02.account_screen_should_appear(TC02.java:69)&#13;
	at ✽.Then Account screen should appear(TC02_RegisteredUser_HotelSearch.feature:13)&#13;
&#13;
</error>
        <testcase name="Given Open the application as registered user" classname="Scenario: Registered user searches for hotels" time="2.104"/>
        <testcase name="When I go to Login screen" classname="Scenario: Registered user searches for hotels" time="0.663"/>
        <testcase name="And enter valid credentials and click on Login button" classname="Scenario: Registered user searches for hotels" time="20.069"/>
        <testcase name="Then Account screen should appear" classname="Scenario: Registered user searches for hotels" time="0.003">
          <error>org.openqa.selenium.TimeoutException: Expected condition failed: waiting for title to be "My Account". Current title: "Register" (tried for 20 second(s) with 500 milliseconds interval)
Build info: version: '3.141.59', revision: 'e82be7d358', time: '2018-11-14T08:17:03'
System info: host: 'LAPTOP-D1P3OC8V', ip: '192.168.0.101', os.name: 'Windows 10', os.arch: 'amd64', os.version: '10.0', java.version: '1.8.0_191'
Driver info: org.openqa.selenium.chrome.ChromeDriver
Capabilities {acceptInsecureCerts: false, browserName: chrome, browserVersion: 79.0.3945.88, chrome: {chromedriverVersion: 79.0.3945.36 (3582db32b3389..., userDataDir: C:\Users\NABIL\AppData\Loca...}, goog:chromeOptions: {debuggerAddress: localhost:57043}, javascriptEnabled: true, networkConnectionEnabled: false, pageLoadStrategy: normal, platform: WINDOWS, platformName: WINDOWS, proxy: Proxy(), setWindowRect: true, strictFileInteractability: false, timeouts: {implicit: 0, pageLoad: 300000, script: 30000}, unhandledPromptBehavior: dismiss and notify}
Session ID: 9a47ddba0d126286c4e781fc33121f19&#13;
	at org.openqa.selenium.support.ui.WebDriverWait.timeoutException(WebDriverWait.java:95)&#13;
	at org.openqa.selenium.support.ui.FluentWait.until(FluentWait.java:272)&#13;
	at stepdefinitions.TC02.account_screen_should_appear(TC02.java:69)&#13;
	at ✽.Then Account screen should appear(TC02_RegisteredUser_HotelSearch.feature:13)&#13;
&#13;
</error>
        </testcase>
        <testcase name="When I go to home screen and search for hotel" classname="Scenario: Registered user searches for hotels" time="0.001" ignored="true"/>
        <testcase name="Then All hotel results should get returned for registered user" classname="Scenario: Registered user searches for hotels" time="0.288" ignored="true"/>
      </testsuite>
    </testsuite>
  </testsuite>
</testrun>
